<?xml version="1.0" encoding="UTF-8"?>
<!-- Generated by org.testng.reporters.JUnitXMLReporter -->
<testsuite hostname="HP-PC" ignored="0" name="Default test" tests="3" failures="0" timestamp="05 Oct 2018 12:36:14 GMT" time="55.756" errors="0">
  <testcase name="loginPageTitletest" time="0.032" classname="com.crm.qa.testcases.LoginPageTest"/>
  <testcase name="crmLogoImageTest" time="0.048" classname="com.crm.qa.testcases.LoginPageTest"/>
  <testcase name="loginTest" time="21.476" classname="com.crm.qa.testcases.LoginPageTest"/>
</testsuite> <!-- Default test -->
